<?xml version="1.0" encoding="UTF-8"?>
<!-- Generated by org.testng.reporters.JUnitXMLReporter -->
<testsuite hostname="ATMECSINLT-002" ignored="0" name="MyTest" tests="2" failures="0" timestamp="2019-10-23T21:28:39 IST" time="51.164" errors="0">
  <testcase name="navigateToProductDetails" time="33.004" classname="com.konakart.testscenarios.SpecificProductValidationScenario"/>
  <testcase name="navigateToProductDetails" time="35.464" classname="com.konakart.testscenarios.SpecificProductValidationScenario"/>
</testsuite> <!-- MyTest -->
