<?xml version="1.0" encoding="UTF-8"?>
<!-- Generated by org.testng.reporters.JUnitXMLReporter -->
<testsuite hostname="ATMECSINLT-002" ignored="0" name="MyTest1" tests="2" failures="1" timestamp="2019-10-23T21:27:08 IST" time="40.142" errors="0">
  <testcase name="navigateToProductDetails" time="5.555" classname="com.konakart.testscenarios.SpecificProductValidationScenario">
    <failure type="java.util.ConcurrentModificationException">
      <![CDATA[java.util.ConcurrentModificationException
at java.util.ArrayList.forEach(Unknown Source)
at com.aventstack.extentreports.Report.notifyReporters(Report.java:263)
at com.aventstack.extentreports.Report.flush(Report.java:185)
at com.aventstack.extentreports.ExtentReports.flush(ExtentReports.java:281)
at com.konakart.utility.KonakartExtendReport.reportLog(KonakartExtendReport.java:24)
at com.konakart.script.ValidationOfContent.naviateToSpecificProductDetailPage(ValidationOfContent.java:34)
at com.konakart.testscenarios.SpecificProductValidationScenario.navigateToProductDetails(SpecificProductValidationScenario.java:39)
at java.util.ArrayList.forEach(Unknown Source)
at java.util.concurrent.FutureTask.run(Unknown Source)
at java.util.concurrent.ThreadPoolExecutor.runWorker(Unknown Source)
at java.util.concurrent.ThreadPoolExecutor$Worker.run(Unknown Source)
at java.lang.Thread.run(Unknown Source)
... Removed 18 stack frames]]>
    </failure>
  </testcase> <!-- navigateToProductDetails -->
  <testcase name="navigateToProductDetails" time="34.947" classname="com.konakart.testscenarios.SpecificProductValidationScenario"/>
</testsuite> <!-- MyTest1 -->
