<?xml version="1.0" encoding="UTF-8"?>
<!-- Generated by org.testng.reporters.JUnitXMLReporter -->
<testsuite hostname="ATMECSINLT-002" ignored="0" name="Test2" tests="7" failures="0" timestamp="2019-10-23T18:12:15 IST" time="109.895" errors="0">
  <testcase name="OutComeOfSearch" time="5.637" classname="com.konakart.testscenarios.SearchProductScenario"/>
  <testcase name="OutComeOfSearch" time="3.779" classname="com.konakart.testscenarios.SearchProductScenario"/>
  <testcase name="OutComeOfSearch" time="4.093" classname="com.konakart.testscenarios.SearchProductScenario"/>
  <testcase name="OutComeOfSearch" time="4.523" classname="com.konakart.testscenarios.SearchProductScenario"/>
  <testcase name="OutComeOfSearch" time="3.709" classname="com.konakart.testscenarios.SearchProductScenario"/>
  <testcase name="OutComeOfSearch" time="3.712" classname="com.konakart.testscenarios.SearchProductScenario"/>
  <testcase name="OutComeOfSearch" time="3.691" classname="com.konakart.testscenarios.SearchProductScenario"/>
</testsuite> <!-- Test2 -->
