<?xml version="1.0" encoding="UTF-8"?>
<!-- Generated by org.testng.reporters.JUnitXMLReporter -->
<testsuite ignored="0" hostname="ATMECSINLT-002" failures="0" tests="5" name="footer" time="120.539" errors="0" timestamp="2019-10-22T14:44:04 IST">
  <testcase classname="com.konakart.testscenarios.SearchProductScenario" name="OutComeOfSearch" time="3.428"/>
  <testcase classname="com.konakart.testscenarios.SearchProductScenario" name="OutComeOfSearch" time="3.262"/>
  <testcase classname="com.konakart.testscenarios.SearchProductScenario" name="OutComeOfSearch" time="3.172"/>
  <testcase classname="com.konakart.testscenarios.SearchProductScenario" name="OutComeOfSearch" time="2.626"/>
  <testcase classname="com.konakart.testscenarios.SearchProductScenario" name="OutComeOfSearch" time="3.233"/>
</testsuite> <!-- footer -->
