<?xml version="1.0" encoding="UTF-8"?>
<testng-results skipped="0" failed="0" ignored="0" total="1" passed="1">
  <reporter-output>
  </reporter-output>
  <suite name="Default suite" duration-ms="51561" started-at="2019-10-23T21:27:48 IST" finished-at="2019-10-23T21:28:39 IST">
    <groups>
    </groups>
    <test name="Default test" duration-ms="51561" started-at="2019-10-23T21:27:48 IST" finished-at="2019-10-23T21:28:39 IST">
      <class name="suites.DynamicXML">
        <test-method status="PASS" signature="set()[pri:0, instance:suites.DynamicXML@6737fd8f]" name="set" duration-ms="51489" started-at="2019-10-23T21:27:48 IST" finished-at="2019-10-23T21:28:39 IST">
          <reporter-output>
          </reporter-output>
        </test-method> <!-- set -->
      </class> <!-- suites.DynamicXML -->
    </test> <!-- Default test -->
  </suite> <!-- Default suite -->
</testng-results>
