<?xml version="1.0" encoding="UTF-8"?>
<!-- Generated by org.testng.reporters.JUnitXMLReporter -->
<testsuite hostname="ATMECSINLT-002" ignored="0" name="konakart chrome" tests="14" failures="0" timestamp="2019-10-23T19:14:47 IST" time="0.847" errors="0">
  <testcase name="@BeforeClass setBrowser" time="-1.571838287085E9" classname="com.konakart.testscenarios.SearchProductScenario">
    <failure type="org.testng.TestNGException" message="
Parameter &amp;apos;browserType&amp;apos; is required by BeforeClass on method setBrowser but has not been marked @Optional or defined
">
      <![CDATA[org.testng.TestNGException: 
Parameter 'browserType' is required by BeforeClass on method setBrowser but has not been marked @Optional or defined

at java.util.ArrayList.forEach(Unknown Source)
at java.util.concurrent.FutureTask.run(Unknown Source)
at java.util.concurrent.ThreadPoolExecutor.runWorker(Unknown Source)
at java.util.concurrent.ThreadPoolExecutor$Worker.run(Unknown Source)
at java.lang.Thread.run(Unknown Source)
... Removed 13 stack frames]]>
    </failure>
  </testcase> <!-- @BeforeClass setBrowser -->
  <testcase name="@AfterMethod message" time="-1.571838287916E9" classname="com.konakart.testscenarios.SearchProductScenario">
    <skipped/>
  </testcase> <!-- @AfterMethod message -->
  <testcase name="@AfterMethod message" time="-1.571838287916E9" classname="com.konakart.testscenarios.SearchProductScenario">
    <skipped/>
  </testcase> <!-- @AfterMethod message -->
  <testcase name="@AfterMethod message" time="-1.571838287916E9" classname="com.konakart.testscenarios.SearchProductScenario">
    <skipped/>
  </testcase> <!-- @AfterMethod message -->
  <testcase name="@AfterMethod message" time="-1.571838287916E9" classname="com.konakart.testscenarios.SearchProductScenario">
    <skipped/>
  </testcase> <!-- @AfterMethod message -->
  <testcase name="@AfterMethod message" time="-1.571838287916E9" classname="com.konakart.testscenarios.SearchProductScenario">
    <skipped/>
  </testcase> <!-- @AfterMethod message -->
  <testcase name="@AfterMethod message" time="-1.571838287916E9" classname="com.konakart.testscenarios.SearchProductScenario">
    <skipped/>
  </testcase> <!-- @AfterMethod message -->
  <testcase name="@AfterMethod message" time="-1.571838287916E9" classname="com.konakart.testscenarios.SearchProductScenario">
    <skipped/>
  </testcase> <!-- @AfterMethod message -->
  <testcase name="OutComeOfSearch" time="0.0" classname="com.konakart.testscenarios.SearchProductScenario">
    <skipped/>
  </testcase> <!-- OutComeOfSearch -->
  <testcase name="OutComeOfSearch" time="0.0" classname="com.konakart.testscenarios.SearchProductScenario">
    <skipped/>
  </testcase> <!-- OutComeOfSearch -->
  <testcase name="OutComeOfSearch" time="0.0" classname="com.konakart.testscenarios.SearchProductScenario">
    <skipped/>
  </testcase> <!-- OutComeOfSearch -->
  <testcase name="OutComeOfSearch" time="0.0" classname="com.konakart.testscenarios.SearchProductScenario">
    <skipped/>
  </testcase> <!-- OutComeOfSearch -->
  <testcase name="OutComeOfSearch" time="0.0" classname="com.konakart.testscenarios.SearchProductScenario">
    <skipped/>
  </testcase> <!-- OutComeOfSearch -->
  <testcase name="OutComeOfSearch" time="0.0" classname="com.konakart.testscenarios.SearchProductScenario">
    <skipped/>
  </testcase> <!-- OutComeOfSearch -->
  <testcase name="OutComeOfSearch" time="0.0" classname="com.konakart.testscenarios.SearchProductScenario">
    <skipped/>
  </testcase> <!-- OutComeOfSearch -->
  <testcase name="OutComeOfSearch" time="0.0" classname="com.konakart.testscenarios.SearchProductScenario">
    <skipped/>
  </testcase> <!-- OutComeOfSearch -->
  <testcase name="OutComeOfSearch" time="0.0" classname="com.konakart.testscenarios.SearchProductScenario">
    <skipped/>
  </testcase> <!-- OutComeOfSearch -->
  <testcase name="OutComeOfSearch" time="0.0" classname="com.konakart.testscenarios.SearchProductScenario">
    <skipped/>
  </testcase> <!-- OutComeOfSearch -->
  <testcase name="OutComeOfSearch" time="0.0" classname="com.konakart.testscenarios.SearchProductScenario">
    <skipped/>
  </testcase> <!-- OutComeOfSearch -->
  <testcase name="OutComeOfSearch" time="0.0" classname="com.konakart.testscenarios.SearchProductScenario">
    <skipped/>
  </testcase> <!-- OutComeOfSearch -->
  <testcase name="OutComeOfSearch" time="0.0" classname="com.konakart.testscenarios.SearchProductScenario">
    <skipped/>
  </testcase> <!-- OutComeOfSearch -->
  <testcase name="OutComeOfSearch" time="0.0" classname="com.konakart.testscenarios.SearchProductScenario">
    <skipped/>
  </testcase> <!-- OutComeOfSearch -->
</testsuite> <!-- konakart chrome -->
